<?xml version="1.0" encoding="UTF-8"?>
<!-- Generated by org.testng.reporters.JUnitReportReporter -->
<testsuite hostname="Venkatas-MacBook-Pro.local" name="BigMvnProject.UDEMY_IOS_App_Steppers" tests="1" failures="0" timestamp="18 Sep 2016 09:16:19 GMT" time="8.286" errors="0">
  <testcase name="segmentedControl" time="8.286" classname="BigMvnProject.UDEMY_IOS_App_Steppers"/>
</testsuite> <!-- BigMvnProject.UDEMY_IOS_App_Steppers -->
