<?xml version="1.0" encoding="UTF-8"?>
<!-- Generated by org.testng.reporters.JUnitReportReporter -->
<testsuite hostname="Venkatas-MacBook-Pro.local" name="BigMvnProject.AppTest" tests="1" failures="0" timestamp="18 Sep 2016 09:22:20 GMT" time="0.012" errors="0">
  <testcase name="simpleTest" time="0.012" classname="BigMvnProject.AppTest"/>
</testsuite> <!-- BigMvnProject.AppTest -->
